<testsuites>
	<testsuite id="1" tests="1" failures="1" package="/Users/erdemkirmizi/Desktop/PROJECTS/MercedesWeb/specs/base.spec" time="192.551" timestamp="2019-04-04T11:44:55" name="Getting Started with Gauge" errors="0" hostname="sahabts-MBP-111.tr152.corpintra.net">
		<properties></properties>
		<testcase classname="Getting Started with Gauge" name="Mercedes" time="192.551">
			<failure message="&#34;btnFinansalBilgilerAcKapa&#34; elementine tıkla&#xA;Concept Execution Failure: &#39;org.openqa.selenium.WebDriverException: unknown error: Element &lt;i onclick=&#34;FinancialInformationHyperLinkClicked(event);&#34; data-trackbars=&#34;ClientTrackBar3&#34; class=&#34;global-tooltip t-gray&#34; t-title=&#34;Aç&#34;&gt;&lt;/i&gt; is not clickable at point (48, 616). Other element would receive the click: &lt;img src=&#34;assets/images/blank.png&#34;&gt;&#xA;  (Session info: chrome=73.0.3683.86)&#xA;  (Driver info: chromedriver=73.0.3683.68 (47787ec04b6e38e22703e856e101e840b65afe72),platform=Mac OS X 10.13.6 x86_64) (WARNING: The server did not provide any stacktrace information)&#xA;Command duration or timeout: 39 milliseconds&#xA;Build info: version: &#39;3.14.0&#39;, revision: &#39;aacccce0&#39;, time: &#39;2018-08-02T20:19:58.91Z&#39;&#xA;System info: host: &#39;sahabts-MBP-111.tr152.corpintra.net&#39;, ip: &#39;fe80:0:0:0:4f4:a36e:324e:1c10%en0&#39;, os.name: &#39;Mac OS X&#39;, os.arch: &#39;x86_64&#39;, os.version: &#39;10.13.6&#39;, java.version: &#39;1.8.0_191&#39;&#xA;Driver info: org.openqa.selenium.chrome.ChromeDriver&#xA;Capabilities [{mobileEmulationEnabled=false, timeouts={implicit=0, pageLoad=300000, script=30000}, hasTouchScreen=false, platform=MAC, acceptSslCerts=false, goog:chromeOptions={debuggerAddress=localhost:54245}, acceptInsecureCerts=false, webStorageEnabled=true, browserName=chrome, takesScreenshot=true, javascriptEnabled=true, setWindowRect=true, unexpectedAlertBehaviour=ignore, applicationCacheEnabled=false, rotatable=false, networkConnectionEnabled=false, chrome={chromedriverVersion=73.0.3683.68 (47787ec04b6e38e22703e856e101e840b65afe72), userDataDir=/var/folders/9s/ryq9wh317clffmkzn6bm9jbr0000gp/T/.com.google.Chrome.xCnHsB}, takesHeapSnapshot=true, pageLoadStrategy=normal, strictFileInteractability=false, databaseEnabled=false, handlesAlerts=true, version=73.0.3683.86, browserConnectionEnabled=false, proxy={}, nativeEvents=true, locationContextEnabled=true, cssSelectorsEnabled=true}]&#xA;Session ID: fa09cc5962918c6eed9bdc1ce79616c6&#39;" type="&#34;btnFinansalBilgilerAcKapa&#34; elementine tıkla&#xA;Concept Execution Failure: &#39;org.openqa.selenium.WebDriverException: unknown error: Element &lt;i onclick=&#34;FinancialInformationHyperLinkClicked(event);&#34; data-trackbars=&#34;ClientTrackBar3&#34; class=&#34;global-tooltip t-gray&#34; t-title=&#34;Aç&#34;&gt;&lt;/i&gt; is not clickable at point (48, 616). Other element would receive the click: &lt;img src=&#34;assets/images/blank.png&#34;&gt;&#xA;  (Session info: chrome=73.0.3683.86)&#xA;  (Driver info: chromedriver=73.0.3683.68 (47787ec04b6e38e22703e856e101e840b65afe72),platform=Mac OS X 10.13.6 x86_64) (WARNING: The server did not provide any stacktrace information)&#xA;Command duration or timeout: 39 milliseconds&#xA;Build info: version: &#39;3.14.0&#39;, revision: &#39;aacccce0&#39;, time: &#39;2018-08-02T20:19:58.91Z&#39;&#xA;System info: host: &#39;sahabts-MBP-111.tr152.corpintra.net&#39;, ip: &#39;fe80:0:0:0:4f4:a36e:324e:1c10%en0&#39;, os.name: &#39;Mac OS X&#39;, os.arch: &#39;x86_64&#39;, os.version: &#39;10.13.6&#39;, java.version: &#39;1.8.0_191&#39;&#xA;Driver info: org.openqa.selenium.chrome.ChromeDriver&#xA;Capabilities [{mobileEmulationEnabled=false, timeouts={implicit=0, pageLoad=300000, script=30000}, hasTouchScreen=false, platform=MAC, acceptSslCerts=false, goog:chromeOptions={debuggerAddress=localhost:54245}, acceptInsecureCerts=false, webStorageEnabled=true, browserName=chrome, takesScreenshot=true, javascriptEnabled=true, setWindowRect=true, unexpectedAlertBehaviour=ignore, applicationCacheEnabled=false, rotatable=false, networkConnectionEnabled=false, chrome={chromedriverVersion=73.0.3683.68 (47787ec04b6e38e22703e856e101e840b65afe72), userDataDir=/var/folders/9s/ryq9wh317clffmkzn6bm9jbr0000gp/T/.com.google.Chrome.xCnHsB}, takesHeapSnapshot=true, pageLoadStrategy=normal, strictFileInteractability=false, databaseEnabled=false, handlesAlerts=true, version=73.0.3683.86, browserConnectionEnabled=false, proxy={}, nativeEvents=true, locationContextEnabled=true, cssSelectorsEnabled=true}]&#xA;Session ID: fa09cc5962918c6eed9bdc1ce79616c6&#39;">sun.reflect.NativeConstructorAccessorImpl.newInstance0(Native Method)&#xA;sun.reflect.NativeConstructorAccessorImpl.newInstance(NativeConstructorAccessorImpl.java:62)&#xA;sun.reflect.DelegatingConstructorAccessorImpl.newInstance(DelegatingConstructorAccessorImpl.java:45)&#xA;java.lang.reflect.Constructor.newInstance(Constructor.java:423)&#xA;org.openqa.selenium.remote.ErrorHandler.createThrowable(ErrorHandler.java:216)&#xA;org.openqa.selenium.remote.ErrorHandler.throwIfResponseFailed(ErrorHandler.java:168)&#xA;org.openqa.selenium.remote.RemoteWebDriver.execute(RemoteWebDriver.java:635)&#xA;org.openqa.selenium.remote.RemoteWebElement.execute(RemoteWebElement.java:274)&#xA;org.openqa.selenium.remote.RemoteWebElement.click(RemoteWebElement.java:84)&#xA;com.mercedes.web.step.StepImplementation.clickElementBy(StepImplementation.java:54)&#xA;com.mercedes.web.step.StepImplementation.clickToElement(StepImplementation.java:75)&#xA;sun.reflect.GeneratedMethodAccessor2.invoke(Unknown Source)&#xA;sun.reflect.DelegatingMethodAccessorImpl.invoke(DelegatingMethodAccessorImpl.java:43)&#xA;java.lang.reflect.Method.invoke(Method.java:498)&#xA;com.thoughtworks.gauge.execution.MethodExecutor.execute(MethodExecutor.java:38)&#xA;com.thoughtworks.gauge.execution.StepExecutionStage.executeStepMethod(StepExecutionStage.java:74)&#xA;com.thoughtworks.gauge.execution.StepExecutionStage.executeStep(StepExecutionStage.java:67)&#xA;com.thoughtworks.gauge.execution.StepExecutionStage.execute(StepExecutionStage.java:49)&#xA;com.thoughtworks.gauge.execution.AbstractExecutionStage.executeNext(AbstractExecutionStage.java:24)&#xA;com.thoughtworks.gauge.execution.HookExecutionStage.execute(HookExecutionStage.java:43)&#xA;com.thoughtworks.gauge.execution.ExecutionPipeline.start(ExecutionPipeline.java:29)&#xA;com.thoughtworks.gauge.processor.ExecuteStepProcessor.process(ExecuteStepProcessor.java:39)&#xA;com.thoughtworks.gauge.connection.MessageDispatcher.dispatchMessages(MessageDispatcher.java:91)&#xA;com.thoughtworks.gauge.GaugeRuntime.dispatchMessages(GaugeRuntime.java:105)&#xA;com.thoughtworks.gauge.GaugeRuntime.access$100(GaugeRuntime.java:37)&#xA;com.thoughtworks.gauge.GaugeRuntime$2.run(GaugeRuntime.java:86)&#xA;java.lang.Thread.run(Thread.java:748)&#xA;</failure>
		</testcase>
		<system-out></system-out>
		<system-err></system-err>
	</testsuite>
</testsuites>